{"ts": "2026-04-29T03:33:36.966069+00:00", "level": "INFO", "logger": "ingest", "msg": "resolved_download_url", "dataset": "hcahps", "dataset_id": "dgck-syfz", "url": "https://data.cms.gov/provider-data/sites/default/files/resources/78a50346fbe828ea0ce2837847af6a7c_1770163580/HCAHPS-Hospital.csv", "source_modified_at": "2026-01-26 00:00:00+00:00"}
{"ts": "2026-04-29T03:33:45.204706+00:00", "level": "INFO", "logger": "ingest", "msg": "csv_copied_to_temp", "dataset": "hcahps", "rows_copied": 325652}
{"ts": "2026-04-29T03:34:04.917616+00:00", "level": "INFO", "logger": "ingest", "msg": "ingest_finished", "dataset": "hcahps", "status": "success", "rows_inserted": 325652, "rows_updated": 0, "runtime_sec": 27.99}
{"ts": "2026-04-29T03:34:05.022674+00:00", "level": "INFO", "logger": "ingest", "msg": "resolved_download_url", "dataset": "hospital_general_info", "dataset_id": "xubh-q36u", "url": "https://data.cms.gov/provider-data/sites/default/files/resources/893c372430d9d71a1c52737d01239d47_1770163599/Hospital_General_Information.csv", "source_modified_at": "2026-01-26 00:00:00+00:00"}
{"ts": "2026-04-29T03:34:05.278079+00:00", "level": "INFO", "logger": "ingest", "msg": "csv_copied_to_temp", "dataset": "hospital_general_info", "rows_copied": 5426}
{"ts": "2026-04-29T03:34:05.541008+00:00", "level": "INFO", "logger": "ingest", "msg": "ingest_finished", "dataset": "hospital_general_info", "status": "success", "rows_inserted": 5426, "rows_updated": 0, "runtime_sec": 0.62}
{"ts": "2026-04-29T03:34:07.892749+00:00", "level": "INFO", "logger": "ingest", "msg": "resolved_download_url", "dataset": "unplanned_visits", "dataset_id": "632h-zaca", "url": "https://data.cms.gov/provider-data/sites/default/files/resources/30edc1d0417a34b58affcc2495a02b0a_1770163657/Unplanned_Hospital_Visits-Hospital.csv", "source_modified_at": "2026-01-26 00:00:00+00:00"}
{"ts": "2026-04-29T03:34:09.378975+00:00", "level": "INFO", "logger": "ingest", "msg": "csv_copied_to_temp", "dataset": "unplanned_visits", "rows_copied": 67046}
{"ts": "2026-04-29T03:34:13.723555+00:00", "level": "INFO", "logger": "ingest", "msg": "ingest_finished", "dataset": "unplanned_visits", "status": "success", "rows_inserted": 67046, "rows_updated": 0, "runtime_sec": 8.18}
{"ts": "2026-04-29T03:35:04.440622+00:00", "level": "INFO", "logger": "ingest", "msg": "resolved_download_url", "dataset": "hcahps", "dataset_id": "dgck-syfz", "url": "https://data.cms.gov/provider-data/sites/default/files/resources/78a50346fbe828ea0ce2837847af6a7c_1770163580/HCAHPS-Hospital.csv", "source_modified_at": "2026-01-26 00:00:00+00:00"}
{"ts": "2026-04-29T03:35:12.509389+00:00", "level": "INFO", "logger": "ingest", "msg": "csv_copied_to_temp", "dataset": "hcahps", "rows_copied": 325652}
{"ts": "2026-04-29T03:35:41.464429+00:00", "level": "INFO", "logger": "ingest", "msg": "ingest_finished", "dataset": "hcahps", "status": "success", "rows_inserted": 0, "rows_updated": 325652, "runtime_sec": 37.09}
{"ts": "2026-04-29T03:35:41.509138+00:00", "level": "INFO", "logger": "ingest", "msg": "resolved_download_url", "dataset": "hospital_general_info", "dataset_id": "xubh-q36u", "url": "https://data.cms.gov/provider-data/sites/default/files/resources/893c372430d9d71a1c52737d01239d47_1770163599/Hospital_General_Information.csv", "source_modified_at": "2026-01-26 00:00:00+00:00"}
{"ts": "2026-04-29T03:35:41.931513+00:00", "level": "INFO", "logger": "ingest", "msg": "csv_copied_to_temp", "dataset": "hospital_general_info", "rows_copied": 5426}
{"ts": "2026-04-29T03:35:42.238386+00:00", "level": "INFO", "logger": "ingest", "msg": "ingest_finished", "dataset": "hospital_general_info", "status": "success", "rows_inserted": 0, "rows_updated": 5426, "runtime_sec": 0.77}
{"ts": "2026-04-29T03:35:42.279487+00:00", "level": "INFO", "logger": "ingest", "msg": "resolved_download_url", "dataset": "unplanned_visits", "dataset_id": "632h-zaca", "url": "https://data.cms.gov/provider-data/sites/default/files/resources/30edc1d0417a34b58affcc2495a02b0a_1770163657/Unplanned_Hospital_Visits-Hospital.csv", "source_modified_at": "2026-01-26 00:00:00+00:00"}
{"ts": "2026-04-29T03:35:44.113100+00:00", "level": "INFO", "logger": "ingest", "msg": "csv_copied_to_temp", "dataset": "unplanned_visits", "rows_copied": 67046}
{"ts": "2026-04-29T03:35:52.071968+00:00", "level": "INFO", "logger": "ingest", "msg": "ingest_finished", "dataset": "unplanned_visits", "status": "success", "rows_inserted": 0, "rows_updated": 67046, "runtime_sec": 9.83}
{"ts": "2026-04-29T03:51:13.063670+00:00", "level": "INFO", "logger": "transform", "msg": "transform_step_finished", "step": "transform:core:hospitals", "status": "success", "sql_file": "03_core_hospitals.sql", "runtime_sec": 0.25}
{"ts": "2026-04-29T03:56:22.051876+00:00", "level": "INFO", "logger": "transform", "msg": "transform_step_finished", "step": "transform:core:hospitals", "status": "success", "sql_file": "03_core_hospitals.sql", "runtime_sec": 0.44}
{"ts": "2026-04-29T03:58:56.160868+00:00", "level": "INFO", "logger": "transform", "msg": "transform_step_finished", "step": "transform:core:patient_experience", "status": "success", "sql_file": "04_core_patient_experience.sql", "runtime_sec": 463.1}
{"ts": "2026-04-29T03:59:04.570162+00:00", "level": "INFO", "logger": "transform", "msg": "transform_step_finished", "step": "transform:core:unplanned_visits", "status": "success", "sql_file": "05_core_unplanned_visits.sql", "runtime_sec": 8.41}
{"ts": "2026-04-29T04:07:11.443544+00:00", "level": "INFO", "logger": "transform", "msg": "transform_step_finished", "step": "transform:core:patient_experience", "status": "success", "sql_file": "04_core_patient_experience.sql", "runtime_sec": 649.39}
{"ts": "2026-04-29T04:07:11.989025+00:00", "level": "INFO", "logger": "transform", "msg": "transform_step_finished", "step": "transform:marts:patient_experience_index", "status": "success", "sql_file": "06_marts_patient_experience_index.sql", "runtime_sec": 487.38}
{"ts": "2026-04-29T04:07:12.071101+00:00", "level": "INFO", "logger": "transform", "msg": "transform_step_finished", "step": "transform:marts:state_rankings", "status": "success", "sql_file": "07_marts_state_rankings.sql", "runtime_sec": 0.08}
{"ts": "2026-04-29T04:07:12.271208+00:00", "level": "INFO", "logger": "transform", "msg": "transform_step_finished", "step": "transform:marts:top_bottom_performers", "status": "success", "sql_file": "08_marts_top_bottom.sql", "runtime_sec": 0.2}
{"ts": "2026-04-29T04:07:14.857574+00:00", "level": "INFO", "logger": "transform", "msg": "transform_step_finished", "step": "transform:core:unplanned_visits", "status": "success", "sql_file": "05_core_unplanned_visits.sql", "runtime_sec": 3.41}
{"ts": "2026-04-29T04:07:15.163879+00:00", "level": "INFO", "logger": "transform", "msg": "transform_step_finished", "step": "transform:marts:patient_experience_index", "status": "success", "sql_file": "06_marts_patient_experience_index.sql", "runtime_sec": 0.28}
{"ts": "2026-04-29T04:07:15.180935+00:00", "level": "INFO", "logger": "transform", "msg": "transform_step_finished", "step": "transform:marts:state_rankings", "status": "success", "sql_file": "07_marts_state_rankings.sql", "runtime_sec": 0.02}
{"ts": "2026-04-29T04:07:15.260192+00:00", "level": "INFO", "logger": "transform", "msg": "transform_step_finished", "step": "transform:marts:top_bottom_performers", "status": "success", "sql_file": "08_marts_top_bottom.sql", "runtime_sec": 0.08}
{"ts": "2026-04-29T04:24:50.773732+00:00", "level": "INFO", "logger": "transform", "msg": "transform_step_finished", "step": "transform:core:hospitals", "status": "success", "sql_file": "03_core_hospitals.sql", "runtime_sec": 0.26}
{"ts": "2026-04-29T04:33:36.474169+00:00", "level": "INFO", "logger": "transform", "msg": "transform_step_finished", "step": "transform:core:patient_experience", "status": "success", "sql_file": "04_core_patient_experience.sql", "runtime_sec": 525.7}
{"ts": "2026-04-29T04:33:41.758784+00:00", "level": "INFO", "logger": "transform", "msg": "transform_step_finished", "step": "transform:core:unplanned_visits", "status": "success", "sql_file": "05_core_unplanned_visits.sql", "runtime_sec": 5.28}
{"ts": "2026-04-29T04:33:42.387530+00:00", "level": "INFO", "logger": "transform", "msg": "transform_step_finished", "step": "transform:marts:patient_experience_index", "status": "success", "sql_file": "06_marts_patient_experience_index.sql", "runtime_sec": 0.61}
{"ts": "2026-04-29T04:33:42.442930+00:00", "level": "INFO", "logger": "transform", "msg": "transform_step_finished", "step": "transform:marts:state_rankings", "status": "success", "sql_file": "07_marts_state_rankings.sql", "runtime_sec": 0.06}
{"ts": "2026-04-29T04:33:42.536014+00:00", "level": "INFO", "logger": "transform", "msg": "transform_step_finished", "step": "transform:marts:top_bottom_performers", "status": "success", "sql_file": "08_marts_top_bottom.sql", "runtime_sec": 0.09}
